CRITICAL - 2023-10-01 16:03:52 --> Invalid file: "admin/template/t_admin.php"
in SYSTEMPATH\Exceptions\FrameworkException.php on line 39.
 1 SYSTEMPATH\View\View.php(214): CodeIgniter\Exceptions\FrameworkException::forInvalidFile('admin/template/t_admin.php')
 2 SYSTEMPATH\Common.php(1188): CodeIgniter\View\View->render('admin/template/t_admin', [], true)
 3 APPPATH\Controllers\Admin.php(9): view('admin/template/t_admin')
 4 SYSTEMPATH\CodeIgniter.php(919): App\Controllers\Admin->index()
 5 SYSTEMPATH\CodeIgniter.php(494): CodeIgniter\CodeIgniter->runController(Object(App\Controllers\Admin))
 6 SYSTEMPATH\CodeIgniter.php(353): CodeIgniter\CodeIgniter->handleRequest(null, Object(Config\Cache), false)
 7 FCPATH\index.php(79): CodeIgniter\CodeIgniter->run()
 8 SYSTEMPATH\Commands\Server\rewrite.php(47): require_once('C:\\xampp\\htdocs\\gri-admin\\public\\index.php')
CRITICAL - 2023-10-01 16:22:28 --> Invalid file: "admin/layout_admin/header.php"
in SYSTEMPATH\Exceptions\FrameworkException.php on line 39.
 1 SYSTEMPATH\View\View.php(214): CodeIgniter\Exceptions\FrameworkException::forInvalidFile('admin/layout_admin/header.php')
 2 SYSTEMPATH\View\View.php(467): CodeIgniter\View\View->render('admin/layout_admin/header.php', null, true)
 3 APPPATH\Views\admin\template\t_admin.php(1): CodeIgniter\View\View->include('admin/layout_admin/header.php')
 4 SYSTEMPATH\View\View.php(226): include('C:\\xampp\\htdocs\\gri-admin\\app\\Views\\admin\\template\\t_admin.php')
 5 SYSTEMPATH\View\View.php(229): CodeIgniter\View\View->CodeIgniter\View\{closure}()
 6 SYSTEMPATH\View\View.php(242): CodeIgniter\View\View->render('admin/template/t_admin', [], true)
 7 SYSTEMPATH\Common.php(1188): CodeIgniter\View\View->render('admin/dashboard/pages/p_dashboard', [], true)
 8 APPPATH\Controllers\Admin.php(9): view('admin/dashboard/pages/p_dashboard')
 9 SYSTEMPATH\CodeIgniter.php(919): App\Controllers\Admin->index()
10 SYSTEMPATH\CodeIgniter.php(494): CodeIgniter\CodeIgniter->runController(Object(App\Controllers\Admin))
11 SYSTEMPATH\CodeIgniter.php(353): CodeIgniter\CodeIgniter->handleRequest(null, Object(Config\Cache), false)
12 FCPATH\index.php(79): CodeIgniter\CodeIgniter->run()
13 SYSTEMPATH\Commands\Server\rewrite.php(47): require_once('C:\\xampp\\htdocs\\gri-admin\\public\\index.php')
CRITICAL - 2023-10-01 16:22:31 --> Invalid file: "admin/layout_admin/header.php"
in SYSTEMPATH\Exceptions\FrameworkException.php on line 39.
 1 SYSTEMPATH\View\View.php(214): CodeIgniter\Exceptions\FrameworkException::forInvalidFile('admin/layout_admin/header.php')
 2 SYSTEMPATH\View\View.php(467): CodeIgniter\View\View->render('admin/layout_admin/header.php', null, true)
 3 APPPATH\Views\admin\template\t_admin.php(1): CodeIgniter\View\View->include('admin/layout_admin/header.php')
 4 SYSTEMPATH\View\View.php(226): include('C:\\xampp\\htdocs\\gri-admin\\app\\Views\\admin\\template\\t_admin.php')
 5 SYSTEMPATH\View\View.php(229): CodeIgniter\View\View->CodeIgniter\View\{closure}()
 6 SYSTEMPATH\View\View.php(242): CodeIgniter\View\View->render('admin/template/t_admin', [], true)
 7 SYSTEMPATH\Common.php(1188): CodeIgniter\View\View->render('admin/dashboard/pages/p_dashboard', [], true)
 8 APPPATH\Controllers\Admin.php(9): view('admin/dashboard/pages/p_dashboard')
 9 SYSTEMPATH\CodeIgniter.php(919): App\Controllers\Admin->index()
10 SYSTEMPATH\CodeIgniter.php(494): CodeIgniter\CodeIgniter->runController(Object(App\Controllers\Admin))
11 SYSTEMPATH\CodeIgniter.php(353): CodeIgniter\CodeIgniter->handleRequest(null, Object(Config\Cache), false)
12 FCPATH\index.php(79): CodeIgniter\CodeIgniter->run()
13 SYSTEMPATH\Commands\Server\rewrite.php(47): require_once('C:\\xampp\\htdocs\\gri-admin\\public\\index.php')
CRITICAL - 2023-10-01 16:23:01 --> Invalid file: "admin/layout_admin/header.php"
in SYSTEMPATH\Exceptions\FrameworkException.php on line 39.
 1 SYSTEMPATH\View\View.php(214): CodeIgniter\Exceptions\FrameworkException::forInvalidFile('admin/layout_admin/header.php')
 2 SYSTEMPATH\View\View.php(467): CodeIgniter\View\View->render('admin/layout_admin/header.php', null, true)
 3 APPPATH\Views\admin\template\t_admin.php(1): CodeIgniter\View\View->include('admin/layout_admin/header.php')
 4 SYSTEMPATH\View\View.php(226): include('C:\\xampp\\htdocs\\gri-admin\\app\\Views\\admin\\template\\t_admin.php')
 5 SYSTEMPATH\View\View.php(229): CodeIgniter\View\View->CodeIgniter\View\{closure}()
 6 SYSTEMPATH\View\View.php(242): CodeIgniter\View\View->render('admin/template/t_admin', [], true)
 7 SYSTEMPATH\Common.php(1188): CodeIgniter\View\View->render('admin/dashboard/pages/p_dashboard', [], true)
 8 APPPATH\Controllers\Admin.php(9): view('admin/dashboard/pages/p_dashboard')
 9 SYSTEMPATH\CodeIgniter.php(919): App\Controllers\Admin->index()
10 SYSTEMPATH\CodeIgniter.php(494): CodeIgniter\CodeIgniter->runController(Object(App\Controllers\Admin))
11 SYSTEMPATH\CodeIgniter.php(353): CodeIgniter\CodeIgniter->handleRequest(null, Object(Config\Cache), false)
12 FCPATH\index.php(79): CodeIgniter\CodeIgniter->run()
13 SYSTEMPATH\Commands\Server\rewrite.php(47): require_once('C:\\xampp\\htdocs\\gri-admin\\public\\index.php')
