CRITICAL - 2023-10-04 21:05:38 --> Invalid file: "admin/proyek/pages/p_login.php"
in SYSTEMPATH\Exceptions\FrameworkException.php on line 39.
 1 SYSTEMPATH\View\View.php(214): CodeIgniter\Exceptions\FrameworkException::forInvalidFile('admin/proyek/pages/p_login.php')
 2 SYSTEMPATH\Common.php(1188): CodeIgniter\View\View->render('admin/proyek/pages/p_login', [], true)
 3 APPPATH\Controllers\Admin.php(24): view('admin/proyek/pages/p_login')
 4 SYSTEMPATH\CodeIgniter.php(919): App\Controllers\Admin->login()
 5 SYSTEMPATH\CodeIgniter.php(494): CodeIgniter\CodeIgniter->runController(Object(App\Controllers\Admin))
 6 SYSTEMPATH\CodeIgniter.php(353): CodeIgniter\CodeIgniter->handleRequest(null, Object(Config\Cache), false)
 7 FCPATH\index.php(79): CodeIgniter\CodeIgniter->run()
 8 SYSTEMPATH\Commands\Server\rewrite.php(47): require_once('C:\\xampp\\htdocs\\gri-admin\\public\\index.php')
CRITICAL - 2023-10-04 21:14:27 --> Invalid file: "admin/login/pages/p_login.php"
in SYSTEMPATH\Exceptions\FrameworkException.php on line 39.
 1 SYSTEMPATH\View\View.php(214): CodeIgniter\Exceptions\FrameworkException::forInvalidFile('admin/login/pages/p_login.php')
 2 SYSTEMPATH\Common.php(1188): CodeIgniter\View\View->render('admin/login/pages/p_login', [], true)
 3 APPPATH\Controllers\Admin.php(24): view('admin/login/pages/p_login')
 4 SYSTEMPATH\CodeIgniter.php(919): App\Controllers\Admin->login()
 5 SYSTEMPATH\CodeIgniter.php(494): CodeIgniter\CodeIgniter->runController(Object(App\Controllers\Admin))
 6 SYSTEMPATH\CodeIgniter.php(353): CodeIgniter\CodeIgniter->handleRequest(null, Object(Config\Cache), false)
 7 FCPATH\index.php(79): CodeIgniter\CodeIgniter->run()
 8 SYSTEMPATH\Commands\Server\rewrite.php(47): require_once('C:\\xampp\\htdocs\\gri-admin\\public\\index.php')
CRITICAL - 2023-10-04 21:22:51 --> Invalid file: "admin/login/p_login.php"
in SYSTEMPATH\Exceptions\FrameworkException.php on line 39.
 1 SYSTEMPATH\View\View.php(214): CodeIgniter\Exceptions\FrameworkException::forInvalidFile('admin/login/p_login.php')
 2 SYSTEMPATH\Common.php(1188): CodeIgniter\View\View->render('admin/login/p_login', [], true)
 3 APPPATH\Controllers\Auth.php(9): view('admin/login/p_login')
 4 SYSTEMPATH\CodeIgniter.php(919): App\Controllers\Auth->login()
 5 SYSTEMPATH\CodeIgniter.php(494): CodeIgniter\CodeIgniter->runController(Object(App\Controllers\Auth))
 6 SYSTEMPATH\CodeIgniter.php(353): CodeIgniter\CodeIgniter->handleRequest(null, Object(Config\Cache), false)
 7 FCPATH\index.php(79): CodeIgniter\CodeIgniter->run()
 8 SYSTEMPATH\Commands\Server\rewrite.php(47): require_once('C:\\xampp\\htdocs\\gri-admin\\public\\index.php')
CRITICAL - 2023-10-04 21:25:10 --> Invalid file: "admin/login/p_login.php"
in SYSTEMPATH\Exceptions\FrameworkException.php on line 39.
 1 SYSTEMPATH\View\View.php(214): CodeIgniter\Exceptions\FrameworkException::forInvalidFile('admin/login/p_login.php')
 2 SYSTEMPATH\Common.php(1188): CodeIgniter\View\View->render('admin/login/p_login', [], true)
 3 APPPATH\Controllers\Admin.php(24): view('admin/login/p_login')
 4 SYSTEMPATH\CodeIgniter.php(919): App\Controllers\Admin->login()
 5 SYSTEMPATH\CodeIgniter.php(494): CodeIgniter\CodeIgniter->runController(Object(App\Controllers\Admin))
 6 SYSTEMPATH\CodeIgniter.php(353): CodeIgniter\CodeIgniter->handleRequest(null, Object(Config\Cache), false)
 7 FCPATH\index.php(79): CodeIgniter\CodeIgniter->run()
 8 SYSTEMPATH\Commands\Server\rewrite.php(47): require_once('C:\\xampp\\htdocs\\gri-admin\\public\\index.php')
CRITICAL - 2023-10-04 21:25:11 --> Invalid file: "admin/login/p_login.php"
in SYSTEMPATH\Exceptions\FrameworkException.php on line 39.
 1 SYSTEMPATH\View\View.php(214): CodeIgniter\Exceptions\FrameworkException::forInvalidFile('admin/login/p_login.php')
 2 SYSTEMPATH\Common.php(1188): CodeIgniter\View\View->render('admin/login/p_login', [], true)
 3 APPPATH\Controllers\Admin.php(24): view('admin/login/p_login')
 4 SYSTEMPATH\CodeIgniter.php(919): App\Controllers\Admin->login()
 5 SYSTEMPATH\CodeIgniter.php(494): CodeIgniter\CodeIgniter->runController(Object(App\Controllers\Admin))
 6 SYSTEMPATH\CodeIgniter.php(353): CodeIgniter\CodeIgniter->handleRequest(null, Object(Config\Cache), false)
 7 FCPATH\index.php(79): CodeIgniter\CodeIgniter->run()
 8 SYSTEMPATH\Commands\Server\rewrite.php(47): require_once('C:\\xampp\\htdocs\\gri-admin\\public\\index.php')
CRITICAL - 2023-10-04 21:37:39 --> Class "App\Models\RegisterModel" not found
in APPPATH\Controllers\Auth.php on line 15.
 1 SYSTEMPATH\CodeIgniter.php(891): App\Controllers\Auth->__construct()
 2 SYSTEMPATH\CodeIgniter.php(485): CodeIgniter\CodeIgniter->createController()
 3 SYSTEMPATH\CodeIgniter.php(353): CodeIgniter\CodeIgniter->handleRequest(null, Object(Config\Cache), false)
 4 FCPATH\index.php(79): CodeIgniter\CodeIgniter->run()
 5 SYSTEMPATH\Commands\Server\rewrite.php(47): require_once('C:\\xampp\\htdocs\\gri-admin\\public\\index.php')
CRITICAL - 2023-10-04 21:37:42 --> Class "App\Models\RegisterModel" not found
in APPPATH\Controllers\Auth.php on line 15.
 1 SYSTEMPATH\CodeIgniter.php(891): App\Controllers\Auth->__construct()
 2 SYSTEMPATH\CodeIgniter.php(485): CodeIgniter\CodeIgniter->createController()
 3 SYSTEMPATH\CodeIgniter.php(353): CodeIgniter\CodeIgniter->handleRequest(null, Object(Config\Cache), false)
 4 FCPATH\index.php(79): CodeIgniter\CodeIgniter->run()
 5 SYSTEMPATH\Commands\Server\rewrite.php(47): require_once('C:\\xampp\\htdocs\\gri-admin\\public\\index.php')
CRITICAL - 2023-10-04 21:40:08 --> Invalid file: "auth/login.php"
in SYSTEMPATH\Exceptions\FrameworkException.php on line 39.
 1 SYSTEMPATH\View\View.php(214): CodeIgniter\Exceptions\FrameworkException::forInvalidFile('auth/login.php')
 2 SYSTEMPATH\Common.php(1188): CodeIgniter\View\View->render('auth/login', [], true)
 3 APPPATH\Controllers\Auth.php(96): view('auth/login', [...])
 4 SYSTEMPATH\CodeIgniter.php(919): App\Controllers\Auth->login()
 5 SYSTEMPATH\CodeIgniter.php(494): CodeIgniter\CodeIgniter->runController(Object(App\Controllers\Auth))
 6 SYSTEMPATH\CodeIgniter.php(353): CodeIgniter\CodeIgniter->handleRequest(null, Object(Config\Cache), false)
 7 FCPATH\index.php(79): CodeIgniter\CodeIgniter->run()
 8 SYSTEMPATH\Commands\Server\rewrite.php(47): require_once('C:\\xampp\\htdocs\\gri-admin\\public\\index.php')
CRITICAL - 2023-10-04 21:41:55 --> Invalid file: "auth/login.php"
in SYSTEMPATH\Exceptions\FrameworkException.php on line 39.
 1 SYSTEMPATH\View\View.php(214): CodeIgniter\Exceptions\FrameworkException::forInvalidFile('auth/login.php')
 2 SYSTEMPATH\Common.php(1188): CodeIgniter\View\View->render('auth/login', [], true)
 3 APPPATH\Controllers\Auth.php(96): view('auth/login', [...])
 4 SYSTEMPATH\CodeIgniter.php(919): App\Controllers\Auth->login()
 5 SYSTEMPATH\CodeIgniter.php(494): CodeIgniter\CodeIgniter->runController(Object(App\Controllers\Auth))
 6 SYSTEMPATH\CodeIgniter.php(353): CodeIgniter\CodeIgniter->handleRequest(null, Object(Config\Cache), false)
 7 FCPATH\index.php(79): CodeIgniter\CodeIgniter->run()
 8 SYSTEMPATH\Commands\Server\rewrite.php(47): require_once('C:\\xampp\\htdocs\\gri-admin\\public\\index.php')
ERROR - 2023-10-04 21:57:41 --> Error connecting to the database: mysqli_sql_exception: Access denied for user ''@'localhost' (using password: NO) in C:\xampp\htdocs\gri-admin\system\Database\MySQLi\Connection.php:184
Stack trace:
#0 C:\xampp\htdocs\gri-admin\system\Database\MySQLi\Connection.php(184): mysqli->real_connect('localhost', '', Object(SensitiveParameterValue), '', 3306, '', 0)
#1 C:\xampp\htdocs\gri-admin\system\Database\BaseConnection.php(391): CodeIgniter\Database\MySQLi\Connection->connect(false)
#2 C:\xampp\htdocs\gri-admin\system\Database\BaseConnection.php(574): CodeIgniter\Database\BaseConnection->initialize()
#3 C:\xampp\htdocs\gri-admin\system\Database\BaseBuilder.php(2308): CodeIgniter\Database\BaseConnection->query('INSERT INTO `tb...', Array, false)
#4 C:\xampp\htdocs\gri-admin\system\Model.php(319): CodeIgniter\Database\BaseBuilder->insert()
#5 C:\xampp\htdocs\gri-admin\system\BaseModel.php(788): CodeIgniter\Model->doInsert(Array)
#6 C:\xampp\htdocs\gri-admin\system\Model.php(715): CodeIgniter\BaseModel->insert(Array, false)
#7 C:\xampp\htdocs\gri-admin\system\BaseModel.php(698): CodeIgniter\Model->insert(Array, false)
#8 C:\xampp\htdocs\gri-admin\app\Controllers\Auth.php(79): CodeIgniter\BaseModel->save(Array)
#9 C:\xampp\htdocs\gri-admin\system\CodeIgniter.php(919): App\Controllers\Auth->action_register()
#10 C:\xampp\htdocs\gri-admin\system\CodeIgniter.php(494): CodeIgniter\CodeIgniter->runController(Object(App\Controllers\Auth))
#11 C:\xampp\htdocs\gri-admin\system\CodeIgniter.php(353): CodeIgniter\CodeIgniter->handleRequest(NULL, Object(Config\Cache), false)
#12 C:\xampp\htdocs\gri-admin\public\index.php(79): CodeIgniter\CodeIgniter->run()
#13 C:\xampp\htdocs\gri-admin\system\Commands\Server\rewrite.php(47): require_once('C:\\xampp\\htdocs...')
#14 {main}

Next CodeIgniter\Database\Exceptions\DatabaseException: Access denied for user ''@'localhost' (using password: NO) in C:\xampp\htdocs\gri-admin\system\Database\MySQLi\Connection.php:229
Stack trace:
#0 C:\xampp\htdocs\gri-admin\system\Database\BaseConnection.php(391): CodeIgniter\Database\MySQLi\Connection->connect(false)
#1 C:\xampp\htdocs\gri-admin\system\Database\BaseConnection.php(574): CodeIgniter\Database\BaseConnection->initialize()
#2 C:\xampp\htdocs\gri-admin\system\Database\BaseBuilder.php(2308): CodeIgniter\Database\BaseConnection->query('INSERT INTO `tb...', Array, false)
#3 C:\xampp\htdocs\gri-admin\system\Model.php(319): CodeIgniter\Database\BaseBuilder->insert()
#4 C:\xampp\htdocs\gri-admin\system\BaseModel.php(788): CodeIgniter\Model->doInsert(Array)
#5 C:\xampp\htdocs\gri-admin\system\Model.php(715): CodeIgniter\BaseModel->insert(Array, false)
#6 C:\xampp\htdocs\gri-admin\system\BaseModel.php(698): CodeIgniter\Model->insert(Array, false)
#7 C:\xampp\htdocs\gri-admin\app\Controllers\Auth.php(79): CodeIgniter\BaseModel->save(Array)
#8 C:\xampp\htdocs\gri-admin\system\CodeIgniter.php(919): App\Controllers\Auth->action_register()
#9 C:\xampp\htdocs\gri-admin\system\CodeIgniter.php(494): CodeIgniter\CodeIgniter->runController(Object(App\Controllers\Auth))
#10 C:\xampp\htdocs\gri-admin\system\CodeIgniter.php(353): CodeIgniter\CodeIgniter->handleRequest(NULL, Object(Config\Cache), false)
#11 C:\xampp\htdocs\gri-admin\public\index.php(79): CodeIgniter\CodeIgniter->run()
#12 C:\xampp\htdocs\gri-admin\system\Commands\Server\rewrite.php(47): require_once('C:\\xampp\\htdocs...')
#13 {main}
CRITICAL - 2023-10-04 21:57:41 --> Unable to connect to the database.
Main connection [MySQLi]: Access denied for user ''@'localhost' (using password: NO)
in SYSTEMPATH\Database\BaseConnection.php on line 427.
 1 SYSTEMPATH\Database\BaseConnection.php(574): CodeIgniter\Database\BaseConnection->initialize()
 2 SYSTEMPATH\Database\BaseBuilder.php(2308): CodeIgniter\Database\BaseConnection->query('INSERT INTO `tbl_user` (`nama`, `email`, `password`) VALUES (:nama:, :email:, :password:)', [...], false)
 3 SYSTEMPATH\Model.php(319): CodeIgniter\Database\BaseBuilder->insert()
 4 SYSTEMPATH\BaseModel.php(788): CodeIgniter\Model->doInsert([...])
 5 SYSTEMPATH\Model.php(715): CodeIgniter\BaseModel->insert([...], false)
 6 SYSTEMPATH\BaseModel.php(698): CodeIgniter\Model->insert([...], false)
 7 APPPATH\Controllers\Auth.php(79): CodeIgniter\BaseModel->save([...])
 8 SYSTEMPATH\CodeIgniter.php(919): App\Controllers\Auth->action_register()
 9 SYSTEMPATH\CodeIgniter.php(494): CodeIgniter\CodeIgniter->runController(Object(App\Controllers\Auth))
10 SYSTEMPATH\CodeIgniter.php(353): CodeIgniter\CodeIgniter->handleRequest(null, Object(Config\Cache), false)
11 FCPATH\index.php(79): CodeIgniter\CodeIgniter->run()
12 SYSTEMPATH\Commands\Server\rewrite.php(47): require_once('C:\\xampp\\htdocs\\gri-admin\\public\\index.php')
CRITICAL - 2023-10-04 22:00:38 --> Undefined array key "email"
in APPPATH\Controllers\Auth.php on line 103.
 1 APPPATH\Controllers\Auth.php(103): CodeIgniter\Debug\Exceptions->errorHandler(2, 'Undefined array key "email"', 'C:\\xampp\\htdocs\\gri-admin\\app\\Controllers\\Auth.php', 103)
 2 SYSTEMPATH\CodeIgniter.php(919): App\Controllers\Auth->action_login()
 3 SYSTEMPATH\CodeIgniter.php(494): CodeIgniter\CodeIgniter->runController(Object(App\Controllers\Auth))
 4 SYSTEMPATH\CodeIgniter.php(353): CodeIgniter\CodeIgniter->handleRequest(null, Object(Config\Cache), false)
 5 FCPATH\index.php(79): CodeIgniter\CodeIgniter->run()
 6 SYSTEMPATH\Commands\Server\rewrite.php(47): require_once('C:\\xampp\\htdocs\\gri-admin\\public\\index.php')
CRITICAL - 2023-10-04 22:01:29 --> Undefined array key 1
in APPPATH\Views\admin\layout\aside.php on line 29.
 1 APPPATH\Views\admin\layout\aside.php(29): CodeIgniter\Debug\Exceptions->errorHandler(2, 'Undefined array key 1', 'C:\\xampp\\htdocs\\gri-admin\\app\\Views\\admin\\layout\\aside.php', 29)
 2 SYSTEMPATH\View\View.php(226): include('C:\\xampp\\htdocs\\gri-admin\\app\\Views\\admin\\layout\\aside.php')
 3 SYSTEMPATH\View\View.php(229): CodeIgniter\View\View->CodeIgniter\View\{closure}()
 4 SYSTEMPATH\View\View.php(467): CodeIgniter\View\View->render('admin/layout/aside.php', null, true)
 5 APPPATH\Views\admin\template\t_admin.php(3): CodeIgniter\View\View->include('admin/layout/aside.php')
 6 SYSTEMPATH\View\View.php(226): include('C:\\xampp\\htdocs\\gri-admin\\app\\Views\\admin\\template\\t_admin.php')
 7 SYSTEMPATH\View\View.php(229): CodeIgniter\View\View->CodeIgniter\View\{closure}()
 8 SYSTEMPATH\View\View.php(242): CodeIgniter\View\View->render('admin/template/t_admin', [], true)
 9 SYSTEMPATH\Common.php(1188): CodeIgniter\View\View->render('admin/dashboard/pages/p_dashboard', [], true)
10 APPPATH\Controllers\Admin.php(9): view('admin/dashboard/pages/p_dashboard')
11 SYSTEMPATH\CodeIgniter.php(919): App\Controllers\Admin->index()
12 SYSTEMPATH\CodeIgniter.php(494): CodeIgniter\CodeIgniter->runController(Object(App\Controllers\Admin))
13 SYSTEMPATH\CodeIgniter.php(353): CodeIgniter\CodeIgniter->handleRequest(null, Object(Config\Cache), false)
14 FCPATH\index.php(79): CodeIgniter\CodeIgniter->run()
15 SYSTEMPATH\Commands\Server\rewrite.php(47): require_once('C:\\xampp\\htdocs\\gri-admin\\public\\index.php')
CRITICAL - 2023-10-04 22:02:00 --> Undefined array key 1
in APPPATH\Views\admin\layout\aside.php on line 29.
 1 APPPATH\Views\admin\layout\aside.php(29): CodeIgniter\Debug\Exceptions->errorHandler(2, 'Undefined array key 1', 'C:\\xampp\\htdocs\\gri-admin\\app\\Views\\admin\\layout\\aside.php', 29)
 2 SYSTEMPATH\View\View.php(226): include('C:\\xampp\\htdocs\\gri-admin\\app\\Views\\admin\\layout\\aside.php')
 3 SYSTEMPATH\View\View.php(229): CodeIgniter\View\View->CodeIgniter\View\{closure}()
 4 SYSTEMPATH\View\View.php(467): CodeIgniter\View\View->render('admin/layout/aside.php', null, true)
 5 APPPATH\Views\admin\template\t_admin.php(3): CodeIgniter\View\View->include('admin/layout/aside.php')
 6 SYSTEMPATH\View\View.php(226): include('C:\\xampp\\htdocs\\gri-admin\\app\\Views\\admin\\template\\t_admin.php')
 7 SYSTEMPATH\View\View.php(229): CodeIgniter\View\View->CodeIgniter\View\{closure}()
 8 SYSTEMPATH\View\View.php(242): CodeIgniter\View\View->render('admin/template/t_admin', [], true)
 9 SYSTEMPATH\Common.php(1188): CodeIgniter\View\View->render('admin/dashboard/pages/p_dashboard', [], true)
10 APPPATH\Controllers\Admin.php(9): view('admin/dashboard/pages/p_dashboard')
11 SYSTEMPATH\CodeIgniter.php(919): App\Controllers\Admin->index()
12 SYSTEMPATH\CodeIgniter.php(494): CodeIgniter\CodeIgniter->runController(Object(App\Controllers\Admin))
13 SYSTEMPATH\CodeIgniter.php(353): CodeIgniter\CodeIgniter->handleRequest(null, Object(Config\Cache), false)
14 FCPATH\index.php(79): CodeIgniter\CodeIgniter->run()
15 SYSTEMPATH\Commands\Server\rewrite.php(47): require_once('C:\\xampp\\htdocs\\gri-admin\\public\\index.php')
CRITICAL - 2023-10-04 22:04:28 --> Undefined array key 1
in APPPATH\Views\admin\layout\aside.php on line 29.
 1 APPPATH\Views\admin\layout\aside.php(29): CodeIgniter\Debug\Exceptions->errorHandler(2, 'Undefined array key 1', 'C:\\xampp\\htdocs\\gri-admin\\app\\Views\\admin\\layout\\aside.php', 29)
 2 SYSTEMPATH\View\View.php(226): include('C:\\xampp\\htdocs\\gri-admin\\app\\Views\\admin\\layout\\aside.php')
 3 SYSTEMPATH\View\View.php(229): CodeIgniter\View\View->CodeIgniter\View\{closure}()
 4 SYSTEMPATH\View\View.php(467): CodeIgniter\View\View->render('admin/layout/aside.php', null, true)
 5 APPPATH\Views\admin\template\t_admin.php(3): CodeIgniter\View\View->include('admin/layout/aside.php')
 6 SYSTEMPATH\View\View.php(226): include('C:\\xampp\\htdocs\\gri-admin\\app\\Views\\admin\\template\\t_admin.php')
 7 SYSTEMPATH\View\View.php(229): CodeIgniter\View\View->CodeIgniter\View\{closure}()
 8 SYSTEMPATH\View\View.php(242): CodeIgniter\View\View->render('admin/template/t_admin', [], true)
 9 SYSTEMPATH\Common.php(1188): CodeIgniter\View\View->render('admin/dashboard/pages/p_dashboard', [], true)
10 APPPATH\Controllers\Admin.php(9): view('admin/dashboard/pages/p_dashboard')
11 SYSTEMPATH\CodeIgniter.php(919): App\Controllers\Admin->index()
12 SYSTEMPATH\CodeIgniter.php(494): CodeIgniter\CodeIgniter->runController(Object(App\Controllers\Admin))
13 SYSTEMPATH\CodeIgniter.php(353): CodeIgniter\CodeIgniter->handleRequest(null, Object(Config\Cache), false)
14 FCPATH\index.php(79): CodeIgniter\CodeIgniter->run()
15 SYSTEMPATH\Commands\Server\rewrite.php(47): require_once('C:\\xampp\\htdocs\\gri-admin\\public\\index.php')
CRITICAL - 2023-10-04 22:04:47 --> Undefined array key 1
in APPPATH\Views\admin\layout\aside.php on line 29.
 1 APPPATH\Views\admin\layout\aside.php(29): CodeIgniter\Debug\Exceptions->errorHandler(2, 'Undefined array key 1', 'C:\\xampp\\htdocs\\gri-admin\\app\\Views\\admin\\layout\\aside.php', 29)
 2 SYSTEMPATH\View\View.php(226): include('C:\\xampp\\htdocs\\gri-admin\\app\\Views\\admin\\layout\\aside.php')
 3 SYSTEMPATH\View\View.php(229): CodeIgniter\View\View->CodeIgniter\View\{closure}()
 4 SYSTEMPATH\View\View.php(467): CodeIgniter\View\View->render('admin/layout/aside.php', null, true)
 5 APPPATH\Views\admin\template\t_admin.php(3): CodeIgniter\View\View->include('admin/layout/aside.php')
 6 SYSTEMPATH\View\View.php(226): include('C:\\xampp\\htdocs\\gri-admin\\app\\Views\\admin\\template\\t_admin.php')
 7 SYSTEMPATH\View\View.php(229): CodeIgniter\View\View->CodeIgniter\View\{closure}()
 8 SYSTEMPATH\View\View.php(242): CodeIgniter\View\View->render('admin/template/t_admin', [], true)
 9 SYSTEMPATH\Common.php(1188): CodeIgniter\View\View->render('admin/dashboard/pages/p_dashboard', [], true)
10 APPPATH\Controllers\Admin.php(9): view('admin/dashboard/pages/p_dashboard')
11 SYSTEMPATH\CodeIgniter.php(919): App\Controllers\Admin->index()
12 SYSTEMPATH\CodeIgniter.php(494): CodeIgniter\CodeIgniter->runController(Object(App\Controllers\Admin))
13 SYSTEMPATH\CodeIgniter.php(353): CodeIgniter\CodeIgniter->handleRequest(null, Object(Config\Cache), false)
14 FCPATH\index.php(79): CodeIgniter\CodeIgniter->run()
15 SYSTEMPATH\Commands\Server\rewrite.php(47): require_once('C:\\xampp\\htdocs\\gri-admin\\public\\index.php')
