ERROR - 2023-10-06 11:34:10 --> Error connecting to the database: mysqli_sql_exception: No connection could be made because the target machine actively refused it in C:\xampp\htdocs\gri-admin\system\Database\MySQLi\Connection.php:184
Stack trace:
#0 C:\xampp\htdocs\gri-admin\system\Database\MySQLi\Connection.php(184): mysqli->real_connect('localhost', 'root', Object(SensitiveParameterValue), 'db_griadmin', 3306, '', 0)
#1 C:\xampp\htdocs\gri-admin\system\Database\BaseConnection.php(391): CodeIgniter\Database\MySQLi\Connection->connect(false)
#2 C:\xampp\htdocs\gri-admin\system\Database\BaseConnection.php(574): CodeIgniter\Database\BaseConnection->initialize()
#3 C:\xampp\htdocs\gri-admin\system\Database\BaseBuilder.php(1748): CodeIgniter\Database\BaseConnection->query('SELECT *\nFROM `...', Array, false)
#4 C:\xampp\htdocs\gri-admin\system\Model.php(871): CodeIgniter\Database\BaseBuilder->getWhere(Array, 1)
#5 C:\xampp\htdocs\gri-admin\app\Controllers\Auth.php(103): CodeIgniter\Model->__call('getWhere', Array)
#6 C:\xampp\htdocs\gri-admin\system\CodeIgniter.php(919): App\Controllers\Auth->action_login()
#7 C:\xampp\htdocs\gri-admin\system\CodeIgniter.php(494): CodeIgniter\CodeIgniter->runController(Object(App\Controllers\Auth))
#8 C:\xampp\htdocs\gri-admin\system\CodeIgniter.php(353): CodeIgniter\CodeIgniter->handleRequest(NULL, Object(Config\Cache), false)
#9 C:\xampp\htdocs\gri-admin\public\index.php(79): CodeIgniter\CodeIgniter->run()
#10 C:\xampp\htdocs\gri-admin\system\Commands\Server\rewrite.php(47): require_once('C:\\xampp\\htdocs...')
#11 {main}

Next CodeIgniter\Database\Exceptions\DatabaseException: No connection could be made because the target machine actively refused it in C:\xampp\htdocs\gri-admin\system\Database\MySQLi\Connection.php:229
Stack trace:
#0 C:\xampp\htdocs\gri-admin\system\Database\BaseConnection.php(391): CodeIgniter\Database\MySQLi\Connection->connect(false)
#1 C:\xampp\htdocs\gri-admin\system\Database\BaseConnection.php(574): CodeIgniter\Database\BaseConnection->initialize()
#2 C:\xampp\htdocs\gri-admin\system\Database\BaseBuilder.php(1748): CodeIgniter\Database\BaseConnection->query('SELECT *\nFROM `...', Array, false)
#3 C:\xampp\htdocs\gri-admin\system\Model.php(871): CodeIgniter\Database\BaseBuilder->getWhere(Array, 1)
#4 C:\xampp\htdocs\gri-admin\app\Controllers\Auth.php(103): CodeIgniter\Model->__call('getWhere', Array)
#5 C:\xampp\htdocs\gri-admin\system\CodeIgniter.php(919): App\Controllers\Auth->action_login()
#6 C:\xampp\htdocs\gri-admin\system\CodeIgniter.php(494): CodeIgniter\CodeIgniter->runController(Object(App\Controllers\Auth))
#7 C:\xampp\htdocs\gri-admin\system\CodeIgniter.php(353): CodeIgniter\CodeIgniter->handleRequest(NULL, Object(Config\Cache), false)
#8 C:\xampp\htdocs\gri-admin\public\index.php(79): CodeIgniter\CodeIgniter->run()
#9 C:\xampp\htdocs\gri-admin\system\Commands\Server\rewrite.php(47): require_once('C:\\xampp\\htdocs...')
#10 {main}
CRITICAL - 2023-10-06 11:34:10 --> Unable to connect to the database.
Main connection [MySQLi]: No connection could be made because the target machine actively refused it
in SYSTEMPATH\Database\BaseConnection.php on line 427.
 1 SYSTEMPATH\Database\BaseConnection.php(574): CodeIgniter\Database\BaseConnection->initialize()
 2 SYSTEMPATH\Database\BaseBuilder.php(1748): CodeIgniter\Database\BaseConnection->query('SELECT *
FROM `tbl_user`
WHERE `email` = :email:
 LIMIT 1', [...], false)
 3 SYSTEMPATH\Model.php(871): CodeIgniter\Database\BaseBuilder->getWhere([...], 1)
 4 APPPATH\Controllers\Auth.php(103): CodeIgniter\Model->__call('getWhere', [...])
 5 SYSTEMPATH\CodeIgniter.php(919): App\Controllers\Auth->action_login()
 6 SYSTEMPATH\CodeIgniter.php(494): CodeIgniter\CodeIgniter->runController(Object(App\Controllers\Auth))
 7 SYSTEMPATH\CodeIgniter.php(353): CodeIgniter\CodeIgniter->handleRequest(null, Object(Config\Cache), false)
 8 FCPATH\index.php(79): CodeIgniter\CodeIgniter->run()
 9 SYSTEMPATH\Commands\Server\rewrite.php(47): require_once('C:\\xampp\\htdocs\\gri-admin\\public\\index.php')
CRITICAL - 2023-10-06 16:03:29 --> Invalid file: "admin/pekerjaan/pages/p_pekerjaan.php"
in SYSTEMPATH\Exceptions\FrameworkException.php on line 39.
 1 SYSTEMPATH\View\View.php(214): CodeIgniter\Exceptions\FrameworkException::forInvalidFile('admin/pekerjaan/pages/p_pekerjaan.php')
 2 SYSTEMPATH\Common.php(1188): CodeIgniter\View\View->render('admin/pekerjaan/pages/p_pekerjaan', [], true)
 3 APPPATH\Controllers\Admin.php(29): view('admin/pekerjaan/pages/p_pekerjaan')
 4 SYSTEMPATH\CodeIgniter.php(919): App\Controllers\Admin->v_pekerjaan()
 5 SYSTEMPATH\CodeIgniter.php(494): CodeIgniter\CodeIgniter->runController(Object(App\Controllers\Admin))
 6 SYSTEMPATH\CodeIgniter.php(353): CodeIgniter\CodeIgniter->handleRequest(null, Object(Config\Cache), false)
 7 FCPATH\index.php(79): CodeIgniter\CodeIgniter->run()
 8 SYSTEMPATH\Commands\Server\rewrite.php(47): require_once('C:\\xampp\\htdocs\\gri-admin\\public\\index.php')
CRITICAL - 2023-10-06 16:03:49 --> Invalid file: "admin/pekerjaan/pages/p_pekerjaan.php"
in SYSTEMPATH\Exceptions\FrameworkException.php on line 39.
 1 SYSTEMPATH\View\View.php(214): CodeIgniter\Exceptions\FrameworkException::forInvalidFile('admin/pekerjaan/pages/p_pekerjaan.php')
 2 SYSTEMPATH\Common.php(1188): CodeIgniter\View\View->render('admin/pekerjaan/pages/p_pekerjaan', [], true)
 3 APPPATH\Controllers\Admin.php(29): view('admin/pekerjaan/pages/p_pekerjaan')
 4 SYSTEMPATH\CodeIgniter.php(919): App\Controllers\Admin->v_pekerjaan()
 5 SYSTEMPATH\CodeIgniter.php(494): CodeIgniter\CodeIgniter->runController(Object(App\Controllers\Admin))
 6 SYSTEMPATH\CodeIgniter.php(353): CodeIgniter\CodeIgniter->handleRequest(null, Object(Config\Cache), false)
 7 FCPATH\index.php(79): CodeIgniter\CodeIgniter->run()
 8 SYSTEMPATH\Commands\Server\rewrite.php(47): require_once('C:\\xampp\\htdocs\\gri-admin\\public\\index.php')
CRITICAL - 2023-10-06 16:03:50 --> Invalid file: "admin/pekerjaan/pages/p_pekerjaan.php"
in SYSTEMPATH\Exceptions\FrameworkException.php on line 39.
 1 SYSTEMPATH\View\View.php(214): CodeIgniter\Exceptions\FrameworkException::forInvalidFile('admin/pekerjaan/pages/p_pekerjaan.php')
 2 SYSTEMPATH\Common.php(1188): CodeIgniter\View\View->render('admin/pekerjaan/pages/p_pekerjaan', [], true)
 3 APPPATH\Controllers\Admin.php(29): view('admin/pekerjaan/pages/p_pekerjaan')
 4 SYSTEMPATH\CodeIgniter.php(919): App\Controllers\Admin->v_pekerjaan()
 5 SYSTEMPATH\CodeIgniter.php(494): CodeIgniter\CodeIgniter->runController(Object(App\Controllers\Admin))
 6 SYSTEMPATH\CodeIgniter.php(353): CodeIgniter\CodeIgniter->handleRequest(null, Object(Config\Cache), false)
 7 FCPATH\index.php(79): CodeIgniter\CodeIgniter->run()
 8 SYSTEMPATH\Commands\Server\rewrite.php(47): require_once('C:\\xampp\\htdocs\\gri-admin\\public\\index.php')
CRITICAL - 2023-10-06 16:03:51 --> Invalid file: "admin/pekerjaan/pages/p_pekerjaan.php"
in SYSTEMPATH\Exceptions\FrameworkException.php on line 39.
 1 SYSTEMPATH\View\View.php(214): CodeIgniter\Exceptions\FrameworkException::forInvalidFile('admin/pekerjaan/pages/p_pekerjaan.php')
 2 SYSTEMPATH\Common.php(1188): CodeIgniter\View\View->render('admin/pekerjaan/pages/p_pekerjaan', [], true)
 3 APPPATH\Controllers\Admin.php(29): view('admin/pekerjaan/pages/p_pekerjaan')
 4 SYSTEMPATH\CodeIgniter.php(919): App\Controllers\Admin->v_pekerjaan()
 5 SYSTEMPATH\CodeIgniter.php(494): CodeIgniter\CodeIgniter->runController(Object(App\Controllers\Admin))
 6 SYSTEMPATH\CodeIgniter.php(353): CodeIgniter\CodeIgniter->handleRequest(null, Object(Config\Cache), false)
 7 FCPATH\index.php(79): CodeIgniter\CodeIgniter->run()
 8 SYSTEMPATH\Commands\Server\rewrite.php(47): require_once('C:\\xampp\\htdocs\\gri-admin\\public\\index.php')
CRITICAL - 2023-10-06 16:15:37 --> Call to undefined method App\Models\ScopePekerjaanModel::getScopePekerjaan
in SYSTEMPATH\Model.php on line 873.
 1 APPPATH\Controllers\Admin.php(42): CodeIgniter\Model->__call('getScopePekerjaan', [])
 2 SYSTEMPATH\CodeIgniter.php(919): App\Controllers\Admin->v_pekerjaan()
 3 SYSTEMPATH\CodeIgniter.php(494): CodeIgniter\CodeIgniter->runController(Object(App\Controllers\Admin))
 4 SYSTEMPATH\CodeIgniter.php(353): CodeIgniter\CodeIgniter->handleRequest(null, Object(Config\Cache), false)
 5 FCPATH\index.php(79): CodeIgniter\CodeIgniter->run()
 6 SYSTEMPATH\Commands\Server\rewrite.php(47): require_once('C:\\xampp\\htdocs\\gri-admin\\public\\index.php')
CRITICAL - 2023-10-06 17:50:24 --> Cannot use object of type stdClass as array
in APPPATH\Views\admin\pekerjaan\layout\l_datapekerjaan.php on line 45.
 1 SYSTEMPATH\View\View.php(226): include()
 2 SYSTEMPATH\View\View.php(229): CodeIgniter\View\View->CodeIgniter\View\{closure}()
 3 SYSTEMPATH\View\View.php(467): CodeIgniter\View\View->render('admin/pekerjaan/layout/l_datapekerjaan', null, true)
 4 APPPATH\Views\admin\pekerjaan\pages\p_datapekerjaan.php(4): CodeIgniter\View\View->include('admin/pekerjaan/layout/l_datapekerjaan')
 5 SYSTEMPATH\View\View.php(226): include('C:\\xampp\\htdocs\\gri-admin\\app\\Views\\admin\\pekerjaan\\pages\\p_datapekerjaan.php')
 6 SYSTEMPATH\View\View.php(229): CodeIgniter\View\View->CodeIgniter\View\{closure}()
 7 SYSTEMPATH\Common.php(1188): CodeIgniter\View\View->render('admin/pekerjaan/pages/p_datapekerjaan', [], true)
 8 APPPATH\Controllers\Admin.php(78): view('admin/pekerjaan/pages/p_datapekerjaan', [...])
 9 SYSTEMPATH\CodeIgniter.php(919): App\Controllers\Admin->v_datapekerjaan()
10 SYSTEMPATH\CodeIgniter.php(494): CodeIgniter\CodeIgniter->runController(Object(App\Controllers\Admin))
11 SYSTEMPATH\CodeIgniter.php(353): CodeIgniter\CodeIgniter->handleRequest(null, Object(Config\Cache), false)
12 FCPATH\index.php(79): CodeIgniter\CodeIgniter->run()
13 SYSTEMPATH\Commands\Server\rewrite.php(47): require_once('C:\\xampp\\htdocs\\gri-admin\\public\\index.php')
CRITICAL - 2023-10-06 17:51:54 --> Call to undefined method CodeIgniter\Database\MySQLi\Result::resultArray()
in APPPATH\Controllers\Admin.php on line 75.
 1 SYSTEMPATH\CodeIgniter.php(919): App\Controllers\Admin->v_datapekerjaan()
 2 SYSTEMPATH\CodeIgniter.php(494): CodeIgniter\CodeIgniter->runController(Object(App\Controllers\Admin))
 3 SYSTEMPATH\CodeIgniter.php(353): CodeIgniter\CodeIgniter->handleRequest(null, Object(Config\Cache), false)
 4 FCPATH\index.php(79): CodeIgniter\CodeIgniter->run()
 5 SYSTEMPATH\Commands\Server\rewrite.php(47): require_once('C:\\xampp\\htdocs\\gri-admin\\public\\index.php')
CRITICAL - 2023-10-06 17:52:11 --> Call to undefined method CodeIgniter\Database\MySQLi\Result::row()
in APPPATH\Controllers\Admin.php on line 75.
 1 SYSTEMPATH\CodeIgniter.php(919): App\Controllers\Admin->v_datapekerjaan()
 2 SYSTEMPATH\CodeIgniter.php(494): CodeIgniter\CodeIgniter->runController(Object(App\Controllers\Admin))
 3 SYSTEMPATH\CodeIgniter.php(353): CodeIgniter\CodeIgniter->handleRequest(null, Object(Config\Cache), false)
 4 FCPATH\index.php(79): CodeIgniter\CodeIgniter->run()
 5 SYSTEMPATH\Commands\Server\rewrite.php(47): require_once('C:\\xampp\\htdocs\\gri-admin\\public\\index.php')
CRITICAL - 2023-10-06 18:04:58 --> Undefined array key "nama"
in APPPATH\Views\admin\pekerjaan\layout\l_datapekerjaan.php on line 45.
 1 APPPATH\Views\admin\pekerjaan\layout\l_datapekerjaan.php(45): CodeIgniter\Debug\Exceptions->errorHandler(2, 'Undefined array key "nama"', 'C:\\xampp\\htdocs\\gri-admin\\app\\Views\\admin\\pekerjaan\\layout\\l_datapekerjaan.php', 45)
 2 SYSTEMPATH\View\View.php(226): include('C:\\xampp\\htdocs\\gri-admin\\app\\Views\\admin\\pekerjaan\\layout\\l_datapekerjaan.php')
 3 SYSTEMPATH\View\View.php(229): CodeIgniter\View\View->CodeIgniter\View\{closure}()
 4 SYSTEMPATH\View\View.php(467): CodeIgniter\View\View->render('admin/pekerjaan/layout/l_datapekerjaan', null, true)
 5 APPPATH\Views\admin\pekerjaan\pages\p_datapekerjaan.php(4): CodeIgniter\View\View->include('admin/pekerjaan/layout/l_datapekerjaan')
 6 SYSTEMPATH\View\View.php(226): include('C:\\xampp\\htdocs\\gri-admin\\app\\Views\\admin\\pekerjaan\\pages\\p_datapekerjaan.php')
 7 SYSTEMPATH\View\View.php(229): CodeIgniter\View\View->CodeIgniter\View\{closure}()
 8 SYSTEMPATH\Common.php(1188): CodeIgniter\View\View->render('admin/pekerjaan/pages/p_datapekerjaan', [], true)
 9 APPPATH\Controllers\Admin.php(78): view('admin/pekerjaan/pages/p_datapekerjaan', [...])
10 SYSTEMPATH\CodeIgniter.php(919): App\Controllers\Admin->v_datapekerjaan()
11 SYSTEMPATH\CodeIgniter.php(494): CodeIgniter\CodeIgniter->runController(Object(App\Controllers\Admin))
12 SYSTEMPATH\CodeIgniter.php(353): CodeIgniter\CodeIgniter->handleRequest(null, Object(Config\Cache), false)
13 FCPATH\index.php(79): CodeIgniter\CodeIgniter->run()
14 SYSTEMPATH\Commands\Server\rewrite.php(47): require_once('C:\\xampp\\htdocs\\gri-admin\\public\\index.php')
CRITICAL - 2023-10-06 18:10:23 --> Undefined array key "nama"
in APPPATH\Views\admin\pekerjaan\layout\l_pekerjaan.php on line 36.
 1 APPPATH\Views\admin\pekerjaan\layout\l_pekerjaan.php(36): CodeIgniter\Debug\Exceptions->errorHandler(2, 'Undefined array key "nama"', 'C:\\xampp\\htdocs\\gri-admin\\app\\Views\\admin\\pekerjaan\\layout\\l_pekerjaan.php', 36)
 2 SYSTEMPATH\View\View.php(226): include('C:\\xampp\\htdocs\\gri-admin\\app\\Views\\admin\\pekerjaan\\layout\\l_pekerjaan.php')
 3 SYSTEMPATH\View\View.php(229): CodeIgniter\View\View->CodeIgniter\View\{closure}()
 4 SYSTEMPATH\View\View.php(467): CodeIgniter\View\View->render('admin/pekerjaan/layout/l_pekerjaan', null, true)
 5 APPPATH\Views\admin\pekerjaan\pages\p_pekerjaan.php(4): CodeIgniter\View\View->include('admin/pekerjaan/layout/l_pekerjaan')
 6 SYSTEMPATH\View\View.php(226): include('C:\\xampp\\htdocs\\gri-admin\\app\\Views\\admin\\pekerjaan\\pages\\p_pekerjaan.php')
 7 SYSTEMPATH\View\View.php(229): CodeIgniter\View\View->CodeIgniter\View\{closure}()
 8 SYSTEMPATH\Common.php(1188): CodeIgniter\View\View->render('admin/pekerjaan/pages/p_pekerjaan', [], true)
 9 APPPATH\Controllers\Admin.php(52): view('admin/pekerjaan/pages/p_pekerjaan', [...])
10 SYSTEMPATH\CodeIgniter.php(919): App\Controllers\Admin->v_pekerjaan()
11 SYSTEMPATH\CodeIgniter.php(494): CodeIgniter\CodeIgniter->runController(Object(App\Controllers\Admin))
12 SYSTEMPATH\CodeIgniter.php(353): CodeIgniter\CodeIgniter->handleRequest(null, Object(Config\Cache), false)
13 FCPATH\index.php(79): CodeIgniter\CodeIgniter->run()
14 SYSTEMPATH\Commands\Server\rewrite.php(47): require_once('C:\\xampp\\htdocs\\gri-admin\\public\\index.php')
CRITICAL - 2023-10-06 18:10:55 --> Undefined array key "nama"
in APPPATH\Views\admin\pekerjaan\layout\l_pekerjaan.php on line 36.
 1 APPPATH\Views\admin\pekerjaan\layout\l_pekerjaan.php(36): CodeIgniter\Debug\Exceptions->errorHandler(2, 'Undefined array key "nama"', 'C:\\xampp\\htdocs\\gri-admin\\app\\Views\\admin\\pekerjaan\\layout\\l_pekerjaan.php', 36)
 2 SYSTEMPATH\View\View.php(226): include('C:\\xampp\\htdocs\\gri-admin\\app\\Views\\admin\\pekerjaan\\layout\\l_pekerjaan.php')
 3 SYSTEMPATH\View\View.php(229): CodeIgniter\View\View->CodeIgniter\View\{closure}()
 4 SYSTEMPATH\View\View.php(467): CodeIgniter\View\View->render('admin/pekerjaan/layout/l_pekerjaan', null, true)
 5 APPPATH\Views\admin\pekerjaan\pages\p_pekerjaan.php(4): CodeIgniter\View\View->include('admin/pekerjaan/layout/l_pekerjaan')
 6 SYSTEMPATH\View\View.php(226): include('C:\\xampp\\htdocs\\gri-admin\\app\\Views\\admin\\pekerjaan\\pages\\p_pekerjaan.php')
 7 SYSTEMPATH\View\View.php(229): CodeIgniter\View\View->CodeIgniter\View\{closure}()
 8 SYSTEMPATH\Common.php(1188): CodeIgniter\View\View->render('admin/pekerjaan/pages/p_pekerjaan', [], true)
 9 APPPATH\Controllers\Admin.php(52): view('admin/pekerjaan/pages/p_pekerjaan', [...])
10 SYSTEMPATH\CodeIgniter.php(919): App\Controllers\Admin->v_pekerjaan()
11 SYSTEMPATH\CodeIgniter.php(494): CodeIgniter\CodeIgniter->runController(Object(App\Controllers\Admin))
12 SYSTEMPATH\CodeIgniter.php(353): CodeIgniter\CodeIgniter->handleRequest(null, Object(Config\Cache), false)
13 FCPATH\index.php(79): CodeIgniter\CodeIgniter->run()
14 SYSTEMPATH\Commands\Server\rewrite.php(47): require_once('C:\\xampp\\htdocs\\gri-admin\\public\\index.php')
CRITICAL - 2023-10-06 18:11:17 --> Undefined array key "nama_pekerjaan"
in APPPATH\Views\admin\pekerjaan\layout\l_pekerjaan.php on line 36.
 1 APPPATH\Views\admin\pekerjaan\layout\l_pekerjaan.php(36): CodeIgniter\Debug\Exceptions->errorHandler(2, 'Undefined array key "nama_pekerjaan"', 'C:\\xampp\\htdocs\\gri-admin\\app\\Views\\admin\\pekerjaan\\layout\\l_pekerjaan.php', 36)
 2 SYSTEMPATH\View\View.php(226): include('C:\\xampp\\htdocs\\gri-admin\\app\\Views\\admin\\pekerjaan\\layout\\l_pekerjaan.php')
 3 SYSTEMPATH\View\View.php(229): CodeIgniter\View\View->CodeIgniter\View\{closure}()
 4 SYSTEMPATH\View\View.php(467): CodeIgniter\View\View->render('admin/pekerjaan/layout/l_pekerjaan', null, true)
 5 APPPATH\Views\admin\pekerjaan\pages\p_pekerjaan.php(4): CodeIgniter\View\View->include('admin/pekerjaan/layout/l_pekerjaan')
 6 SYSTEMPATH\View\View.php(226): include('C:\\xampp\\htdocs\\gri-admin\\app\\Views\\admin\\pekerjaan\\pages\\p_pekerjaan.php')
 7 SYSTEMPATH\View\View.php(229): CodeIgniter\View\View->CodeIgniter\View\{closure}()
 8 SYSTEMPATH\Common.php(1188): CodeIgniter\View\View->render('admin/pekerjaan/pages/p_pekerjaan', [], true)
 9 APPPATH\Controllers\Admin.php(52): view('admin/pekerjaan/pages/p_pekerjaan', [...])
10 SYSTEMPATH\CodeIgniter.php(919): App\Controllers\Admin->v_pekerjaan()
11 SYSTEMPATH\CodeIgniter.php(494): CodeIgniter\CodeIgniter->runController(Object(App\Controllers\Admin))
12 SYSTEMPATH\CodeIgniter.php(353): CodeIgniter\CodeIgniter->handleRequest(null, Object(Config\Cache), false)
13 FCPATH\index.php(79): CodeIgniter\CodeIgniter->run()
14 SYSTEMPATH\Commands\Server\rewrite.php(47): require_once('C:\\xampp\\htdocs\\gri-admin\\public\\index.php')
CRITICAL - 2023-10-06 18:11:46 --> Undefined array key "nama_pekerjaan"
in APPPATH\Views\admin\pekerjaan\layout\l_pekerjaan.php on line 36.
 1 APPPATH\Views\admin\pekerjaan\layout\l_pekerjaan.php(36): CodeIgniter\Debug\Exceptions->errorHandler(2, 'Undefined array key "nama_pekerjaan"', 'C:\\xampp\\htdocs\\gri-admin\\app\\Views\\admin\\pekerjaan\\layout\\l_pekerjaan.php', 36)
 2 SYSTEMPATH\View\View.php(226): include('C:\\xampp\\htdocs\\gri-admin\\app\\Views\\admin\\pekerjaan\\layout\\l_pekerjaan.php')
 3 SYSTEMPATH\View\View.php(229): CodeIgniter\View\View->CodeIgniter\View\{closure}()
 4 SYSTEMPATH\View\View.php(467): CodeIgniter\View\View->render('admin/pekerjaan/layout/l_pekerjaan', null, true)
 5 APPPATH\Views\admin\pekerjaan\pages\p_pekerjaan.php(4): CodeIgniter\View\View->include('admin/pekerjaan/layout/l_pekerjaan')
 6 SYSTEMPATH\View\View.php(226): include('C:\\xampp\\htdocs\\gri-admin\\app\\Views\\admin\\pekerjaan\\pages\\p_pekerjaan.php')
 7 SYSTEMPATH\View\View.php(229): CodeIgniter\View\View->CodeIgniter\View\{closure}()
 8 SYSTEMPATH\Common.php(1188): CodeIgniter\View\View->render('admin/pekerjaan/pages/p_pekerjaan', [], true)
 9 APPPATH\Controllers\Admin.php(52): view('admin/pekerjaan/pages/p_pekerjaan', [...])
10 SYSTEMPATH\CodeIgniter.php(919): App\Controllers\Admin->v_pekerjaan()
11 SYSTEMPATH\CodeIgniter.php(494): CodeIgniter\CodeIgniter->runController(Object(App\Controllers\Admin))
12 SYSTEMPATH\CodeIgniter.php(353): CodeIgniter\CodeIgniter->handleRequest(null, Object(Config\Cache), false)
13 FCPATH\index.php(79): CodeIgniter\CodeIgniter->run()
14 SYSTEMPATH\Commands\Server\rewrite.php(47): require_once('C:\\xampp\\htdocs\\gri-admin\\public\\index.php')
CRITICAL - 2023-10-06 18:11:48 --> Undefined array key "nama_pekerjaan"
in APPPATH\Views\admin\pekerjaan\layout\l_pekerjaan.php on line 36.
 1 APPPATH\Views\admin\pekerjaan\layout\l_pekerjaan.php(36): CodeIgniter\Debug\Exceptions->errorHandler(2, 'Undefined array key "nama_pekerjaan"', 'C:\\xampp\\htdocs\\gri-admin\\app\\Views\\admin\\pekerjaan\\layout\\l_pekerjaan.php', 36)
 2 SYSTEMPATH\View\View.php(226): include('C:\\xampp\\htdocs\\gri-admin\\app\\Views\\admin\\pekerjaan\\layout\\l_pekerjaan.php')
 3 SYSTEMPATH\View\View.php(229): CodeIgniter\View\View->CodeIgniter\View\{closure}()
 4 SYSTEMPATH\View\View.php(467): CodeIgniter\View\View->render('admin/pekerjaan/layout/l_pekerjaan', null, true)
 5 APPPATH\Views\admin\pekerjaan\pages\p_pekerjaan.php(4): CodeIgniter\View\View->include('admin/pekerjaan/layout/l_pekerjaan')
 6 SYSTEMPATH\View\View.php(226): include('C:\\xampp\\htdocs\\gri-admin\\app\\Views\\admin\\pekerjaan\\pages\\p_pekerjaan.php')
 7 SYSTEMPATH\View\View.php(229): CodeIgniter\View\View->CodeIgniter\View\{closure}()
 8 SYSTEMPATH\Common.php(1188): CodeIgniter\View\View->render('admin/pekerjaan/pages/p_pekerjaan', [], true)
 9 APPPATH\Controllers\Admin.php(52): view('admin/pekerjaan/pages/p_pekerjaan', [...])
10 SYSTEMPATH\CodeIgniter.php(919): App\Controllers\Admin->v_pekerjaan()
11 SYSTEMPATH\CodeIgniter.php(494): CodeIgniter\CodeIgniter->runController(Object(App\Controllers\Admin))
12 SYSTEMPATH\CodeIgniter.php(353): CodeIgniter\CodeIgniter->handleRequest(null, Object(Config\Cache), false)
13 FCPATH\index.php(79): CodeIgniter\CodeIgniter->run()
14 SYSTEMPATH\Commands\Server\rewrite.php(47): require_once('C:\\xampp\\htdocs\\gri-admin\\public\\index.php')
CRITICAL - 2023-10-06 18:12:25 --> Undefined array key "nama_pekerjaan"
in APPPATH\Views\admin\pekerjaan\layout\l_pekerjaan.php on line 36.
 1 APPPATH\Views\admin\pekerjaan\layout\l_pekerjaan.php(36): CodeIgniter\Debug\Exceptions->errorHandler(2, 'Undefined array key "nama_pekerjaan"', 'C:\\xampp\\htdocs\\gri-admin\\app\\Views\\admin\\pekerjaan\\layout\\l_pekerjaan.php', 36)
 2 SYSTEMPATH\View\View.php(226): include('C:\\xampp\\htdocs\\gri-admin\\app\\Views\\admin\\pekerjaan\\layout\\l_pekerjaan.php')
 3 SYSTEMPATH\View\View.php(229): CodeIgniter\View\View->CodeIgniter\View\{closure}()
 4 SYSTEMPATH\View\View.php(467): CodeIgniter\View\View->render('admin/pekerjaan/layout/l_pekerjaan', null, true)
 5 APPPATH\Views\admin\pekerjaan\pages\p_pekerjaan.php(4): CodeIgniter\View\View->include('admin/pekerjaan/layout/l_pekerjaan')
 6 SYSTEMPATH\View\View.php(226): include('C:\\xampp\\htdocs\\gri-admin\\app\\Views\\admin\\pekerjaan\\pages\\p_pekerjaan.php')
 7 SYSTEMPATH\View\View.php(229): CodeIgniter\View\View->CodeIgniter\View\{closure}()
 8 SYSTEMPATH\Common.php(1188): CodeIgniter\View\View->render('admin/pekerjaan/pages/p_pekerjaan', [], true)
 9 APPPATH\Controllers\Admin.php(52): view('admin/pekerjaan/pages/p_pekerjaan', [...])
10 SYSTEMPATH\CodeIgniter.php(919): App\Controllers\Admin->v_pekerjaan()
11 SYSTEMPATH\CodeIgniter.php(494): CodeIgniter\CodeIgniter->runController(Object(App\Controllers\Admin))
12 SYSTEMPATH\CodeIgniter.php(353): CodeIgniter\CodeIgniter->handleRequest(null, Object(Config\Cache), false)
13 FCPATH\index.php(79): CodeIgniter\CodeIgniter->run()
14 SYSTEMPATH\Commands\Server\rewrite.php(47): require_once('C:\\xampp\\htdocs\\gri-admin\\public\\index.php')
CRITICAL - 2023-10-06 18:12:26 --> Undefined array key "nama_pekerjaan"
in APPPATH\Views\admin\pekerjaan\layout\l_pekerjaan.php on line 36.
 1 APPPATH\Views\admin\pekerjaan\layout\l_pekerjaan.php(36): CodeIgniter\Debug\Exceptions->errorHandler(2, 'Undefined array key "nama_pekerjaan"', 'C:\\xampp\\htdocs\\gri-admin\\app\\Views\\admin\\pekerjaan\\layout\\l_pekerjaan.php', 36)
 2 SYSTEMPATH\View\View.php(226): include('C:\\xampp\\htdocs\\gri-admin\\app\\Views\\admin\\pekerjaan\\layout\\l_pekerjaan.php')
 3 SYSTEMPATH\View\View.php(229): CodeIgniter\View\View->CodeIgniter\View\{closure}()
 4 SYSTEMPATH\View\View.php(467): CodeIgniter\View\View->render('admin/pekerjaan/layout/l_pekerjaan', null, true)
 5 APPPATH\Views\admin\pekerjaan\pages\p_pekerjaan.php(4): CodeIgniter\View\View->include('admin/pekerjaan/layout/l_pekerjaan')
 6 SYSTEMPATH\View\View.php(226): include('C:\\xampp\\htdocs\\gri-admin\\app\\Views\\admin\\pekerjaan\\pages\\p_pekerjaan.php')
 7 SYSTEMPATH\View\View.php(229): CodeIgniter\View\View->CodeIgniter\View\{closure}()
 8 SYSTEMPATH\Common.php(1188): CodeIgniter\View\View->render('admin/pekerjaan/pages/p_pekerjaan', [], true)
 9 APPPATH\Controllers\Admin.php(52): view('admin/pekerjaan/pages/p_pekerjaan', [...])
10 SYSTEMPATH\CodeIgniter.php(919): App\Controllers\Admin->v_pekerjaan()
11 SYSTEMPATH\CodeIgniter.php(494): CodeIgniter\CodeIgniter->runController(Object(App\Controllers\Admin))
12 SYSTEMPATH\CodeIgniter.php(353): CodeIgniter\CodeIgniter->handleRequest(null, Object(Config\Cache), false)
13 FCPATH\index.php(79): CodeIgniter\CodeIgniter->run()
14 SYSTEMPATH\Commands\Server\rewrite.php(47): require_once('C:\\xampp\\htdocs\\gri-admin\\public\\index.php')
CRITICAL - 2023-10-06 18:12:27 --> Undefined array key "nama_pekerjaan"
in APPPATH\Views\admin\pekerjaan\layout\l_pekerjaan.php on line 36.
 1 APPPATH\Views\admin\pekerjaan\layout\l_pekerjaan.php(36): CodeIgniter\Debug\Exceptions->errorHandler(2, 'Undefined array key "nama_pekerjaan"', 'C:\\xampp\\htdocs\\gri-admin\\app\\Views\\admin\\pekerjaan\\layout\\l_pekerjaan.php', 36)
 2 SYSTEMPATH\View\View.php(226): include('C:\\xampp\\htdocs\\gri-admin\\app\\Views\\admin\\pekerjaan\\layout\\l_pekerjaan.php')
 3 SYSTEMPATH\View\View.php(229): CodeIgniter\View\View->CodeIgniter\View\{closure}()
 4 SYSTEMPATH\View\View.php(467): CodeIgniter\View\View->render('admin/pekerjaan/layout/l_pekerjaan', null, true)
 5 APPPATH\Views\admin\pekerjaan\pages\p_pekerjaan.php(4): CodeIgniter\View\View->include('admin/pekerjaan/layout/l_pekerjaan')
 6 SYSTEMPATH\View\View.php(226): include('C:\\xampp\\htdocs\\gri-admin\\app\\Views\\admin\\pekerjaan\\pages\\p_pekerjaan.php')
 7 SYSTEMPATH\View\View.php(229): CodeIgniter\View\View->CodeIgniter\View\{closure}()
 8 SYSTEMPATH\Common.php(1188): CodeIgniter\View\View->render('admin/pekerjaan/pages/p_pekerjaan', [], true)
 9 APPPATH\Controllers\Admin.php(52): view('admin/pekerjaan/pages/p_pekerjaan', [...])
10 SYSTEMPATH\CodeIgniter.php(919): App\Controllers\Admin->v_pekerjaan()
11 SYSTEMPATH\CodeIgniter.php(494): CodeIgniter\CodeIgniter->runController(Object(App\Controllers\Admin))
12 SYSTEMPATH\CodeIgniter.php(353): CodeIgniter\CodeIgniter->handleRequest(null, Object(Config\Cache), false)
13 FCPATH\index.php(79): CodeIgniter\CodeIgniter->run()
14 SYSTEMPATH\Commands\Server\rewrite.php(47): require_once('C:\\xampp\\htdocs\\gri-admin\\public\\index.php')
CRITICAL - 2023-10-06 18:12:27 --> Undefined array key "nama_pekerjaan"
in APPPATH\Views\admin\pekerjaan\layout\l_pekerjaan.php on line 36.
 1 APPPATH\Views\admin\pekerjaan\layout\l_pekerjaan.php(36): CodeIgniter\Debug\Exceptions->errorHandler(2, 'Undefined array key "nama_pekerjaan"', 'C:\\xampp\\htdocs\\gri-admin\\app\\Views\\admin\\pekerjaan\\layout\\l_pekerjaan.php', 36)
 2 SYSTEMPATH\View\View.php(226): include('C:\\xampp\\htdocs\\gri-admin\\app\\Views\\admin\\pekerjaan\\layout\\l_pekerjaan.php')
 3 SYSTEMPATH\View\View.php(229): CodeIgniter\View\View->CodeIgniter\View\{closure}()
 4 SYSTEMPATH\View\View.php(467): CodeIgniter\View\View->render('admin/pekerjaan/layout/l_pekerjaan', null, true)
 5 APPPATH\Views\admin\pekerjaan\pages\p_pekerjaan.php(4): CodeIgniter\View\View->include('admin/pekerjaan/layout/l_pekerjaan')
 6 SYSTEMPATH\View\View.php(226): include('C:\\xampp\\htdocs\\gri-admin\\app\\Views\\admin\\pekerjaan\\pages\\p_pekerjaan.php')
 7 SYSTEMPATH\View\View.php(229): CodeIgniter\View\View->CodeIgniter\View\{closure}()
 8 SYSTEMPATH\Common.php(1188): CodeIgniter\View\View->render('admin/pekerjaan/pages/p_pekerjaan', [], true)
 9 APPPATH\Controllers\Admin.php(52): view('admin/pekerjaan/pages/p_pekerjaan', [...])
10 SYSTEMPATH\CodeIgniter.php(919): App\Controllers\Admin->v_pekerjaan()
11 SYSTEMPATH\CodeIgniter.php(494): CodeIgniter\CodeIgniter->runController(Object(App\Controllers\Admin))
12 SYSTEMPATH\CodeIgniter.php(353): CodeIgniter\CodeIgniter->handleRequest(null, Object(Config\Cache), false)
13 FCPATH\index.php(79): CodeIgniter\CodeIgniter->run()
14 SYSTEMPATH\Commands\Server\rewrite.php(47): require_once('C:\\xampp\\htdocs\\gri-admin\\public\\index.php')
CRITICAL - 2023-10-06 18:12:28 --> Undefined array key "nama_pekerjaan"
in APPPATH\Views\admin\pekerjaan\layout\l_pekerjaan.php on line 36.
 1 APPPATH\Views\admin\pekerjaan\layout\l_pekerjaan.php(36): CodeIgniter\Debug\Exceptions->errorHandler(2, 'Undefined array key "nama_pekerjaan"', 'C:\\xampp\\htdocs\\gri-admin\\app\\Views\\admin\\pekerjaan\\layout\\l_pekerjaan.php', 36)
 2 SYSTEMPATH\View\View.php(226): include('C:\\xampp\\htdocs\\gri-admin\\app\\Views\\admin\\pekerjaan\\layout\\l_pekerjaan.php')
 3 SYSTEMPATH\View\View.php(229): CodeIgniter\View\View->CodeIgniter\View\{closure}()
 4 SYSTEMPATH\View\View.php(467): CodeIgniter\View\View->render('admin/pekerjaan/layout/l_pekerjaan', null, true)
 5 APPPATH\Views\admin\pekerjaan\pages\p_pekerjaan.php(4): CodeIgniter\View\View->include('admin/pekerjaan/layout/l_pekerjaan')
 6 SYSTEMPATH\View\View.php(226): include('C:\\xampp\\htdocs\\gri-admin\\app\\Views\\admin\\pekerjaan\\pages\\p_pekerjaan.php')
 7 SYSTEMPATH\View\View.php(229): CodeIgniter\View\View->CodeIgniter\View\{closure}()
 8 SYSTEMPATH\Common.php(1188): CodeIgniter\View\View->render('admin/pekerjaan/pages/p_pekerjaan', [], true)
 9 APPPATH\Controllers\Admin.php(52): view('admin/pekerjaan/pages/p_pekerjaan', [...])
10 SYSTEMPATH\CodeIgniter.php(919): App\Controllers\Admin->v_pekerjaan()
11 SYSTEMPATH\CodeIgniter.php(494): CodeIgniter\CodeIgniter->runController(Object(App\Controllers\Admin))
12 SYSTEMPATH\CodeIgniter.php(353): CodeIgniter\CodeIgniter->handleRequest(null, Object(Config\Cache), false)
13 FCPATH\index.php(79): CodeIgniter\CodeIgniter->run()
14 SYSTEMPATH\Commands\Server\rewrite.php(47): require_once('C:\\xampp\\htdocs\\gri-admin\\public\\index.php')
CRITICAL - 2023-10-06 18:13:35 --> Undefined array key "nama"
in APPPATH\Views\admin\pekerjaan\layout\l_pekerjaan.php on line 53.
 1 APPPATH\Views\admin\pekerjaan\layout\l_pekerjaan.php(53): CodeIgniter\Debug\Exceptions->errorHandler(2, 'Undefined array key "nama"', 'C:\\xampp\\htdocs\\gri-admin\\app\\Views\\admin\\pekerjaan\\layout\\l_pekerjaan.php', 53)
 2 SYSTEMPATH\View\View.php(226): include('C:\\xampp\\htdocs\\gri-admin\\app\\Views\\admin\\pekerjaan\\layout\\l_pekerjaan.php')
 3 SYSTEMPATH\View\View.php(229): CodeIgniter\View\View->CodeIgniter\View\{closure}()
 4 SYSTEMPATH\View\View.php(467): CodeIgniter\View\View->render('admin/pekerjaan/layout/l_pekerjaan', null, true)
 5 APPPATH\Views\admin\pekerjaan\pages\p_pekerjaan.php(4): CodeIgniter\View\View->include('admin/pekerjaan/layout/l_pekerjaan')
 6 SYSTEMPATH\View\View.php(226): include('C:\\xampp\\htdocs\\gri-admin\\app\\Views\\admin\\pekerjaan\\pages\\p_pekerjaan.php')
 7 SYSTEMPATH\View\View.php(229): CodeIgniter\View\View->CodeIgniter\View\{closure}()
 8 SYSTEMPATH\Common.php(1188): CodeIgniter\View\View->render('admin/pekerjaan/pages/p_pekerjaan', [], true)
 9 APPPATH\Controllers\Admin.php(52): view('admin/pekerjaan/pages/p_pekerjaan', [...])
10 SYSTEMPATH\CodeIgniter.php(919): App\Controllers\Admin->v_pekerjaan()
11 SYSTEMPATH\CodeIgniter.php(494): CodeIgniter\CodeIgniter->runController(Object(App\Controllers\Admin))
12 SYSTEMPATH\CodeIgniter.php(353): CodeIgniter\CodeIgniter->handleRequest(null, Object(Config\Cache), false)
13 FCPATH\index.php(79): CodeIgniter\CodeIgniter->run()
14 SYSTEMPATH\Commands\Server\rewrite.php(47): require_once('C:\\xampp\\htdocs\\gri-admin\\public\\index.php')
